<?xml version="1.0" encoding="UTF-8"?>
<!-- Generated by org.testng.reporters.JUnitXMLReporter -->
<testsuite hostname="Nikhil" ignored="0" name="Default test" tests="6" failures="0" timestamp="2022-07-18T10:47:24 IST" time="216.12" errors="0">
  <testcase name="MoviesSearch" time="4.273" classname="Com.TestCase_Class.Tace_Case"/>
  <testcase name="ResultText" time="3.493" classname="Com.TestCase_Class.Tace_Case"/>
  <testcase name="clicklink" time="10.835" classname="Com.TestCase_Class.Tace_Case"/>
  <testcase name="Textverify" time="10.782" classname="Com.TestCase_Class.Tace_Case"/>
  <testcase name="mpaaRating" time="10.325" classname="Com.TestCase_Class.Tace_Case"/>
  <testcase name="DirName" time="14.603" classname="Com.TestCase_Class.Tace_Case"/>
</testsuite> <!-- Default test -->
